[01m[K/sim_ws/src/convoy_ros/src/pure_pursuit.cpp:[m[K In constructor â€˜[01m[KPurePursuit::PurePursuit()[m[Kâ€™:
[01m[K/sim_ws/src/convoy_ros/src/pure_pursuit.cpp:62:9:[m[K [01;31m[Kerror: [m[Kâ€˜[01m[Kxes[m[Kâ€™ was not declared in this scope
   62 |         [01;31m[Kxes[m[K.push_back(x);
      |         [01;31m[K^~~[m[K
[01m[K/sim_ws/src/convoy_ros/src/pure_pursuit.cpp:63:9:[m[K [01;31m[Kerror: [m[Kâ€˜[01m[Kyes[m[Kâ€™ was not declared in this scope
   63 |         [01;31m[Kyes[m[K.push_back(y);
      |         [01;31m[K^~~[m[K
[01m[K/sim_ws/src/convoy_ros/src/pure_pursuit.cpp:64:9:[m[K [01;31m[Kerror: [m[Kâ€˜[01m[Kheadings[m[Kâ€™ was not declared in this scope; did you mean â€˜[01m[Kheading[m[Kâ€™?
   64 |         [01;31m[Kheadings[m[K.push_back(heading);
      |         [01;31m[K^~~~~~~~[m[K
      |         [32m[Kheading[m[K
[01m[K/sim_ws/src/convoy_ros/src/pure_pursuit.cpp:[m[K In member function â€˜[01m[Kvoid PurePursuit::scan_sub_callback(sensor_msgs::msg::LaserScan_<std::allocator<void> >::SharedPtr)[m[Kâ€™:
[01m[K/sim_ws/src/convoy_ros/src/pure_pursuit.cpp:76:71:[m[K [01;35m[Kwarning: [m[Kunused parameter â€˜[01m[Kscan_msg[m[Kâ€™ [[01;35m[K-Wunused-parameter[m[K]
   76 |   void scan_sub_callback([01;35m[Kconst sensor_msgs::msg::LaserScan::SharedPtr scan_msg[m[K)
      |                          [01;35m[K~~~~~~~~~~~~~~~~~~~~~~~~~~~~~~~~~~~~~~~~~~~~~^~~~~~~~[m[K
make[2]: *** [CMakeFiles/pure_pursuit.dir/build.make:63: CMakeFiles/pure_pursuit.dir/src/pure_pursuit.cpp.o] Error 1
make[1]: *** [CMakeFiles/Makefile2:84: CMakeFiles/pure_pursuit.dir/all] Error 2
make: *** [Makefile:141: all] Error 2
