[0.011s] Invoking command in '/sim_ws/src/convoy_ros/build/convoy_ros': CMAKE_PREFIX_PATH=${CMAKE_PREFIX_PATH}:/sim_ws/install/f1tenth_gym_ros:/opt/ros/foxy /usr/bin/cmake --build /sim_ws/src/convoy_ros/build/convoy_ros -- -j12 -l12
[0.043s] [35m[1mScanning dependencies of target pure_pursuit[0m
[0.058s] [ 81%] Built target gap_follow_node
[0.058s] [ 81%] Built target wall_follow_node
[0.058s] [ 81%] Built target safety_node
[0.064s] [ 90%] [32mBuilding CXX object CMakeFiles/pure_pursuit.dir/src/pure_pursuit.cpp.o[0m
[1.187s] [01m[K/sim_ws/src/convoy_ros/src/pure_pursuit.cpp:[m[K In constructor â€˜[01m[KPurePursuit::PurePursuit()[m[Kâ€™:
[1.187s] [01m[K/sim_ws/src/convoy_ros/src/pure_pursuit.cpp:62:9:[m[K [01;31m[Kerror: [m[Kâ€˜[01m[Kxes[m[Kâ€™ was not declared in this scope
[1.187s]    62 |         [01;31m[Kxes[m[K.push_back(x);
[1.187s]       |         [01;31m[K^~~[m[K
[1.188s] [01m[K/sim_ws/src/convoy_ros/src/pure_pursuit.cpp:63:9:[m[K [01;31m[Kerror: [m[Kâ€˜[01m[Kyes[m[Kâ€™ was not declared in this scope
[1.188s]    63 |         [01;31m[Kyes[m[K.push_back(y);
[1.188s]       |         [01;31m[K^~~[m[K
[1.189s] [01m[K/sim_ws/src/convoy_ros/src/pure_pursuit.cpp:64:9:[m[K [01;31m[Kerror: [m[Kâ€˜[01m[Kheadings[m[Kâ€™ was not declared in this scope; did you mean â€˜[01m[Kheading[m[Kâ€™?
[1.189s]    64 |         [01;31m[Kheadings[m[K.push_back(heading);
[1.189s]       |         [01;31m[K^~~~~~~~[m[K
[1.189s]       |         [32m[Kheading[m[K
[1.198s] [01m[K/sim_ws/src/convoy_ros/src/pure_pursuit.cpp:[m[K In member function â€˜[01m[Kvoid PurePursuit::scan_sub_callback(sensor_msgs::msg::LaserScan_<std::allocator<void> >::SharedPtr)[m[Kâ€™:
[1.198s] [01m[K/sim_ws/src/convoy_ros/src/pure_pursuit.cpp:76:71:[m[K [01;35m[Kwarning: [m[Kunused parameter â€˜[01m[Kscan_msg[m[Kâ€™ [[01;35m[K-Wunused-parameter[m[K]
[1.198s]    76 |   void scan_sub_callback([01;35m[Kconst sensor_msgs::msg::LaserScan::SharedPtr scan_msg[m[K)
[1.198s]       |                          [01;35m[K~~~~~~~~~~~~~~~~~~~~~~~~~~~~~~~~~~~~~~~~~~~~~^~~~~~~~[m[K
[2.434s] make[2]: *** [CMakeFiles/pure_pursuit.dir/build.make:63: CMakeFiles/pure_pursuit.dir/src/pure_pursuit.cpp.o] Error 1
[2.434s] make[1]: *** [CMakeFiles/Makefile2:84: CMakeFiles/pure_pursuit.dir/all] Error 2
[2.435s] make: *** [Makefile:141: all] Error 2
[2.437s] Invoked command in '/sim_ws/src/convoy_ros/build/convoy_ros' returned '2': CMAKE_PREFIX_PATH=${CMAKE_PREFIX_PATH}:/sim_ws/install/f1tenth_gym_ros:/opt/ros/foxy /usr/bin/cmake --build /sim_ws/src/convoy_ros/build/convoy_ros -- -j12 -l12
