[0.000000] (-) TimerEvent: {}
[0.000976] (convoy_ros) JobQueued: {'identifier': 'convoy_ros', 'dependencies': OrderedDict()}
[0.001160] (convoy_ros) JobStarted: {'identifier': 'convoy_ros'}
[0.010754] (convoy_ros) JobProgress: {'identifier': 'convoy_ros', 'progress': 'cmake'}
[0.011465] (convoy_ros) JobProgress: {'identifier': 'convoy_ros', 'progress': 'build'}
[0.012061] (convoy_ros) Command: {'cmd': ['/usr/bin/cmake', '--build', '/sim_ws/src/convoy_ros/build/convoy_ros', '--', '-j12', '-l12'], 'cwd': '/sim_ws/src/convoy_ros/build/convoy_ros', 'env': OrderedDict([('TMUX', '/tmp//tmux-0/default,12,1'), ('HOSTNAME', 'c0cd41242bff'), ('SHLVL', '2'), ('LD_LIBRARY_PATH', '/opt/ros/foxy/opt/yaml_cpp_vendor/lib:/opt/ros/foxy/opt/rviz_ogre_vendor/lib:/opt/ros/foxy/lib/x86_64-linux-gnu:/opt/ros/foxy/lib'), ('HOME', '/root'), ('OLDPWD', '/sim_ws/src'), ('ROS_PYTHON_VERSION', '3'), ('COLCON_PREFIX_PATH', '/sim_ws/install'), ('ROS_DISTRO', 'foxy'), ('_', '/usr/bin/colcon'), ('ROS_VERSION', '2'), ('NVIDIA_DRIVER_CAPABILITIES', 'graphics'), ('TERM', 'screen'), ('ROS_LOCALHOST_ONLY', '0'), ('QT_X11_NO_MITSHM', '1'), ('PATH', '/opt/ros/foxy/bin:/usr/local/sbin:/usr/local/bin:/usr/sbin:/usr/bin:/sbin:/bin'), ('DISPLAY', ':0'), ('LANG', 'C.UTF-8'), ('XAUTHORITY', '/tmp/.dockersuqcfag5.xauth'), ('LS_COLORS', 'rs=0:di=01;34:ln=01;36:mh=00:pi=40;33:so=01;35:do=01;35:bd=40;33;01:cd=40;33;01:or=40;31;01:mi=00:su=37;41:sg=30;43:ca=30;41:tw=30;42:ow=34;42:st=37;44:ex=01;32:*.tar=01;31:*.tgz=01;31:*.arc=01;31:*.arj=01;31:*.taz=01;31:*.lha=01;31:*.lz4=01;31:*.lzh=01;31:*.lzma=01;31:*.tlz=01;31:*.txz=01;31:*.tzo=01;31:*.t7z=01;31:*.zip=01;31:*.z=01;31:*.dz=01;31:*.gz=01;31:*.lrz=01;31:*.lz=01;31:*.lzo=01;31:*.xz=01;31:*.zst=01;31:*.tzst=01;31:*.bz2=01;31:*.bz=01;31:*.tbz=01;31:*.tbz2=01;31:*.tz=01;31:*.deb=01;31:*.rpm=01;31:*.jar=01;31:*.war=01;31:*.ear=01;31:*.sar=01;31:*.rar=01;31:*.alz=01;31:*.ace=01;31:*.zoo=01;31:*.cpio=01;31:*.7z=01;31:*.rz=01;31:*.cab=01;31:*.wim=01;31:*.swm=01;31:*.dwm=01;31:*.esd=01;31:*.jpg=01;35:*.jpeg=01;35:*.mjpg=01;35:*.mjpeg=01;35:*.gif=01;35:*.bmp=01;35:*.pbm=01;35:*.pgm=01;35:*.ppm=01;35:*.tga=01;35:*.xbm=01;35:*.xpm=01;35:*.tif=01;35:*.tiff=01;35:*.png=01;35:*.svg=01;35:*.svgz=01;35:*.mng=01;35:*.pcx=01;35:*.mov=01;35:*.mpg=01;35:*.mpeg=01;35:*.m2v=01;35:*.mkv=01;35:*.webm=01;35:*.ogm=01;35:*.mp4=01;35:*.m4v=01;35:*.mp4v=01;35:*.vob=01;35:*.qt=01;35:*.nuv=01;35:*.wmv=01;35:*.asf=01;35:*.rm=01;35:*.rmvb=01;35:*.flc=01;35:*.avi=01;35:*.fli=01;35:*.flv=01;35:*.gl=01;35:*.dl=01;35:*.xcf=01;35:*.xwd=01;35:*.yuv=01;35:*.cgm=01;35:*.emf=01;35:*.ogv=01;35:*.ogx=01;35:*.aac=00;36:*.au=00;36:*.flac=00;36:*.m4a=00;36:*.mid=00;36:*.midi=00;36:*.mka=00;36:*.mp3=00;36:*.mpc=00;36:*.ogg=00;36:*.ra=00;36:*.wav=00;36:*.oga=00;36:*.opus=00;36:*.spx=00;36:*.xspf=00;36:'), ('AMENT_PREFIX_PATH', '/sim_ws/install/f1tenth_gym_ros:/sim_ws/install/convoy_ros_interfaces:/sim_ws/install/convoy_ros:/opt/ros/foxy'), ('SHELL', '/bin/bash'), ('PWD', '/sim_ws/src/convoy_ros/build/convoy_ros'), ('LC_ALL', 'C.UTF-8'), ('PYTHONPATH', '/sim_ws/install/f1tenth_gym_ros/lib/python3.8/site-packages:/sim_ws/install/convoy_ros/lib/python3.8/site-packages:/opt/ros/foxy/lib/python3.8/site-packages'), ('NVIDIA_VISIBLE_DEVICES', 'all'), ('COLCON', '1'), ('TMUX_PANE', '%6'), ('CMAKE_PREFIX_PATH', '/sim_ws/install/convoy_ros_interfaces:/sim_ws/install/convoy_ros:/sim_ws/install/f1tenth_gym_ros:/opt/ros/foxy')]), 'shell': False}
[0.044626] (convoy_ros) StdoutLine: {'line': b'\x1b[35m\x1b[1mScanning dependencies of target pure_pursuit\x1b[0m\n'}
[0.060775] (convoy_ros) StdoutLine: {'line': b'[ 81%] Built target gap_follow_node\n'}
[0.060989] (convoy_ros) StdoutLine: {'line': b'[ 81%] Built target wall_follow_node\n'}
[0.061092] (convoy_ros) StdoutLine: {'line': b'[ 81%] Built target safety_node\n'}
[0.066787] (convoy_ros) StdoutLine: {'line': b'[ 90%] \x1b[32mBuilding CXX object CMakeFiles/pure_pursuit.dir/src/pure_pursuit.cpp.o\x1b[0m\n'}
[0.100018] (-) TimerEvent: {}
[0.200341] (-) TimerEvent: {}
[0.300739] (-) TimerEvent: {}
[0.401145] (-) TimerEvent: {}
[0.501588] (-) TimerEvent: {}
[0.601963] (-) TimerEvent: {}
[0.702340] (-) TimerEvent: {}
[0.802791] (-) TimerEvent: {}
[0.903195] (-) TimerEvent: {}
[1.003555] (-) TimerEvent: {}
[1.103894] (-) TimerEvent: {}
[1.165162] (convoy_ros) StderrLine: {'line': b'\x1b[01m\x1b[K/sim_ws/src/convoy_ros/src/pure_pursuit.cpp:\x1b[m\x1b[K In constructor \xe2\x80\x98\x1b[01m\x1b[KPurePursuit::PurePursuit()\x1b[m\x1b[K\xe2\x80\x99:\n'}
[1.165446] (convoy_ros) StderrLine: {'line': b'\x1b[01m\x1b[K/sim_ws/src/convoy_ros/src/pure_pursuit.cpp:42:27:\x1b[m\x1b[K \x1b[01;31m\x1b[Kerror: \x1b[m\x1b[K\xe2\x80\x98\x1b[01m\x1b[Krospy\x1b[m\x1b[K\xe2\x80\x99 has not been declared\n'}
[1.165542] (convoy_ros) StderrLine: {'line': b'   42 |     marker.header.stamp = \x1b[01;31m\x1b[Krospy\x1b[m\x1b[K::Time::now();\n'}
[1.165626] (convoy_ros) StderrLine: {'line': b'      |                           \x1b[01;31m\x1b[K^~~~~\x1b[m\x1b[K\n'}
[1.166688] (convoy_ros) StderrLine: {'line': b'\x1b[01m\x1b[K/sim_ws/src/convoy_ros/src/pure_pursuit.cpp:62:9:\x1b[m\x1b[K \x1b[01;31m\x1b[Kerror: \x1b[m\x1b[K\xe2\x80\x98\x1b[01m\x1b[Kxes\x1b[m\x1b[K\xe2\x80\x99 was not declared in this scope\n'}
[1.166847] (convoy_ros) StderrLine: {'line': b'   62 |         \x1b[01;31m\x1b[Kxes\x1b[m\x1b[K.push_back(x);\n'}
[1.167006] (convoy_ros) StderrLine: {'line': b'      |         \x1b[01;31m\x1b[K^~~\x1b[m\x1b[K\n'}
[1.167579] (convoy_ros) StderrLine: {'line': b'\x1b[01m\x1b[K/sim_ws/src/convoy_ros/src/pure_pursuit.cpp:63:9:\x1b[m\x1b[K \x1b[01;31m\x1b[Kerror: \x1b[m\x1b[K\xe2\x80\x98\x1b[01m\x1b[Kyes\x1b[m\x1b[K\xe2\x80\x99 was not declared in this scope\n'}
[1.167663] (convoy_ros) StderrLine: {'line': b'   63 |         \x1b[01;31m\x1b[Kyes\x1b[m\x1b[K.push_back(y);\n'}
[1.167743] (convoy_ros) StderrLine: {'line': b'      |         \x1b[01;31m\x1b[K^~~\x1b[m\x1b[K\n'}
[1.168478] (convoy_ros) StderrLine: {'line': b'\x1b[01m\x1b[K/sim_ws/src/convoy_ros/src/pure_pursuit.cpp:64:9:\x1b[m\x1b[K \x1b[01;31m\x1b[Kerror: \x1b[m\x1b[K\xe2\x80\x98\x1b[01m\x1b[Kheadings\x1b[m\x1b[K\xe2\x80\x99 was not declared in this scope; did you mean \xe2\x80\x98\x1b[01m\x1b[Kheading\x1b[m\x1b[K\xe2\x80\x99?\n'}
[1.168564] (convoy_ros) StderrLine: {'line': b'   64 |         \x1b[01;31m\x1b[Kheadings\x1b[m\x1b[K.push_back(heading);\n'}
[1.168643] (convoy_ros) StderrLine: {'line': b'      |         \x1b[01;31m\x1b[K^~~~~~~~\x1b[m\x1b[K\n'}
[1.168740] (convoy_ros) StderrLine: {'line': b'      |         \x1b[32m\x1b[Kheading\x1b[m\x1b[K\n'}
[1.175554] (convoy_ros) StderrLine: {'line': b'\x1b[01m\x1b[K/sim_ws/src/convoy_ros/src/pure_pursuit.cpp:\x1b[m\x1b[K In member function \xe2\x80\x98\x1b[01m\x1b[Kvoid PurePursuit::scan_sub_callback(sensor_msgs::msg::LaserScan_<std::allocator<void> >::SharedPtr)\x1b[m\x1b[K\xe2\x80\x99:\n'}
[1.175696] (convoy_ros) StderrLine: {'line': b'\x1b[01m\x1b[K/sim_ws/src/convoy_ros/src/pure_pursuit.cpp:76:71:\x1b[m\x1b[K \x1b[01;35m\x1b[Kwarning: \x1b[m\x1b[Kunused parameter \xe2\x80\x98\x1b[01m\x1b[Kscan_msg\x1b[m\x1b[K\xe2\x80\x99 [\x1b[01;35m\x1b[K-Wunused-parameter\x1b[m\x1b[K]\n'}
[1.175793] (convoy_ros) StderrLine: {'line': b'   76 |   void scan_sub_callback(\x1b[01;35m\x1b[Kconst sensor_msgs::msg::LaserScan::SharedPtr scan_msg\x1b[m\x1b[K)\n'}
[1.175873] (convoy_ros) StderrLine: {'line': b'      |                          \x1b[01;35m\x1b[K~~~~~~~~~~~~~~~~~~~~~~~~~~~~~~~~~~~~~~~~~~~~~^~~~~~~~\x1b[m\x1b[K\n'}
[1.204012] (-) TimerEvent: {}
[1.304333] (-) TimerEvent: {}
[1.404666] (-) TimerEvent: {}
[1.505011] (-) TimerEvent: {}
[1.605390] (-) TimerEvent: {}
[1.705743] (-) TimerEvent: {}
[1.806063] (-) TimerEvent: {}
[1.906370] (-) TimerEvent: {}
[2.006734] (-) TimerEvent: {}
[2.107097] (-) TimerEvent: {}
[2.207458] (-) TimerEvent: {}
[2.307803] (-) TimerEvent: {}
[2.348906] (convoy_ros) StderrLine: {'line': b'make[2]: *** [CMakeFiles/pure_pursuit.dir/build.make:63: CMakeFiles/pure_pursuit.dir/src/pure_pursuit.cpp.o] Error 1\n'}
[2.349380] (convoy_ros) StderrLine: {'line': b'make[1]: *** [CMakeFiles/Makefile2:84: CMakeFiles/pure_pursuit.dir/all] Error 2\n'}
[2.349655] (convoy_ros) StderrLine: {'line': b'make: *** [Makefile:141: all] Error 2\n'}
[2.352699] (convoy_ros) CommandEnded: {'returncode': 2}
[2.390930] (convoy_ros) JobEnded: {'identifier': 'convoy_ros', 'rc': 2}
[2.401456] (-) EventReactorShutdown: {}
