[35m[1mScanning dependencies of target pure_pursuit[0m
[ 54%] Built target wall_follow_node
[ 54%] Built target gap_follow_node
[ 81%] Built target safety_node
[ 90%] [32mBuilding CXX object CMakeFiles/pure_pursuit.dir/src/pure_pursuit.cpp.o[0m
[01m[K/sim_ws/src/convoy_ros/src/pure_pursuit.cpp:13:10:[m[K [01;31m[Kfatal error: [m[Kgeometry_msgs/Point.hpp: No such file or directory
   13 | #include [01;31m[K"geometry_msgs/Point.hpp"[m[K
      |          [01;31m[K^~~~~~~~~~~~~~~~~~~~~~~~~[m[K
compilation terminated.
make[2]: *** [CMakeFiles/pure_pursuit.dir/build.make:63: CMakeFiles/pure_pursuit.dir/src/pure_pursuit.cpp.o] Error 1
make[1]: *** [CMakeFiles/Makefile2:84: CMakeFiles/pure_pursuit.dir/all] Error 2
make: *** [Makefile:141: all] Error 2
