[0.012s] Invoking command in '/sim_ws/src/convoy_ros/build/convoy_ros': CMAKE_PREFIX_PATH=${CMAKE_PREFIX_PATH}:/sim_ws/install/f1tenth_gym_ros:/opt/ros/foxy /usr/bin/cmake --build /sim_ws/src/convoy_ros/build/convoy_ros -- -j12 -l12
[0.044s] [35m[1mScanning dependencies of target pure_pursuit[0m
[0.060s] [ 81%] Built target wall_follow_node
[0.060s] [ 81%] Built target safety_node
[0.061s] [ 81%] Built target gap_follow_node
[0.067s] [ 90%] [32mBuilding CXX object CMakeFiles/pure_pursuit.dir/src/pure_pursuit.cpp.o[0m
[1.140s] [01m[K/sim_ws/src/convoy_ros/src/pure_pursuit.cpp:[m[K In constructor â€˜[01m[KPurePursuit::PurePursuit()[m[Kâ€™:
[1.140s] [01m[K/sim_ws/src/convoy_ros/src/pure_pursuit.cpp:41:5:[m[K [01;31m[Kerror: [m[Kâ€˜[01m[Kmarker[m[Kâ€™ was not declared in this scope
[1.141s]    41 |     [01;31m[Kmarker[m[K.header.frame_id = "map";
[1.141s]       |     [01;31m[K^~~~~~[m[K
[1.141s] [01m[K/sim_ws/src/convoy_ros/src/pure_pursuit.cpp:42:27:[m[K [01;31m[Kerror: [m[Kâ€˜[01m[Kros[m[Kâ€™ has not been declared
[1.141s]    42 |     marker.header.stamp = [01;31m[Kros[m[K::Time();
[1.141s]       |                           [01;31m[K^~~[m[K
[1.141s] [01m[K/sim_ws/src/convoy_ros/src/pure_pursuit.cpp:44:39:[m[K [01;31m[Kerror: [m[Kâ€˜[01m[Kvisualization_msgs::Marker[m[Kâ€™ has not been declared
[1.141s]    44 |     marker.type = visualization_msgs::[01;31m[KMarker[m[K::POINTS;
[1.141s]       |                                       [01;31m[K^~~~~~[m[K
[1.141s] [01m[K/sim_ws/src/convoy_ros/src/pure_pursuit.cpp:45:41:[m[K [01;31m[Kerror: [m[Kâ€˜[01m[Kvisualization_msgs::Marker[m[Kâ€™ has not been declared
[1.141s]    45 |     marker.action = visualization_msgs::[01;31m[KMarker[m[K::ADD;
[1.141s]       |                                         [01;31m[K^~~~~~[m[K
[1.141s] [01m[K/sim_ws/src/convoy_ros/src/pure_pursuit.cpp:59:20:[m[K [01;31m[Kerror: [m[Kâ€˜[01m[KPoint[m[Kâ€™ is not a member of â€˜[01m[Kgeometry_msgs[m[Kâ€™; did you mean â€˜[01m[Kgeometry_msgs::msg::Point[m[Kâ€™?
[1.141s]    59 |     geometry_msgs::[01;31m[KPoint[m[K points;
[1.142s]       |                    [01;31m[K^~~~~[m[K
[1.142s] In file included from [01m[K/opt/ros/foxy/include/geometry_msgs/msg/point.hpp:7[m[K,
[1.142s]                  from [01m[K/sim_ws/src/convoy_ros/src/pure_pursuit.cpp:13[m[K:
[1.142s] [01m[K/opt/ros/foxy/include/geometry_msgs/msg/detail/point__struct.hpp:149:7:[m[K [01;36m[Knote: [m[Kâ€˜[01m[Kgeometry_msgs::msg::Point[m[Kâ€™ declared here
[1.142s]   149 | using [01;36m[KPoint[m[K =
[1.142s]       |       [01;36m[K^~~~~[m[K
[1.142s] [01m[K/sim_ws/src/convoy_ros/src/pure_pursuit.cpp:62:9:[m[K [01;31m[Kerror: [m[Kâ€˜[01m[Kxes[m[Kâ€™ was not declared in this scope
[1.142s]    62 |         [01;31m[Kxes[m[K.push_back(x);
[1.142s]       |         [01;31m[K^~~[m[K
[1.142s] [01m[K/sim_ws/src/convoy_ros/src/pure_pursuit.cpp:63:9:[m[K [01;31m[Kerror: [m[Kâ€˜[01m[Kyes[m[Kâ€™ was not declared in this scope
[1.142s]    63 |         [01;31m[Kyes[m[K.push_back(y);
[1.142s]       |         [01;31m[K^~~[m[K
[1.143s] [01m[K/sim_ws/src/convoy_ros/src/pure_pursuit.cpp:64:9:[m[K [01;31m[Kerror: [m[Kâ€˜[01m[Kheadings[m[Kâ€™ was not declared in this scope; did you mean â€˜[01m[Kheading[m[Kâ€™?
[1.143s]    64 |         [01;31m[Kheadings[m[K.push_back(heading);
[1.143s]       |         [01;31m[K^~~~~~~~[m[K
[1.143s]       |         [32m[Kheading[m[K
[1.144s] [01m[K/sim_ws/src/convoy_ros/src/pure_pursuit.cpp:65:9:[m[K [01;31m[Kerror: [m[Kâ€˜[01m[Kpoints[m[Kâ€™ was not declared in this scope; did you mean â€˜[01m[Kprintf[m[Kâ€™?
[1.144s]    65 |         [01;31m[Kpoints[m[K.x = x;
[1.144s]       |         [01;31m[K^~~~~~[m[K
[1.144s]       |         [32m[Kprintf[m[K
[1.150s] [01m[K/sim_ws/src/convoy_ros/src/pure_pursuit.cpp:[m[K In member function â€˜[01m[Kvoid PurePursuit::scan_sub_callback(sensor_msgs::msg::LaserScan_<std::allocator<void> >::SharedPtr)[m[Kâ€™:
[1.150s] [01m[K/sim_ws/src/convoy_ros/src/pure_pursuit.cpp:74:71:[m[K [01;35m[Kwarning: [m[Kunused parameter â€˜[01m[Kscan_msg[m[Kâ€™ [[01;35m[K-Wunused-parameter[m[K]
[1.150s]    74 |   void scan_sub_callback([01;35m[Kconst sensor_msgs::msg::LaserScan::SharedPtr scan_msg[m[K)
[1.150s]       |                          [01;35m[K~~~~~~~~~~~~~~~~~~~~~~~~~~~~~~~~~~~~~~~~~~~~~^~~~~~~~[m[K
[2.303s] make[2]: *** [CMakeFiles/pure_pursuit.dir/build.make:63: CMakeFiles/pure_pursuit.dir/src/pure_pursuit.cpp.o] Error 1
[2.304s] make[1]: *** [CMakeFiles/Makefile2:84: CMakeFiles/pure_pursuit.dir/all] Error 2
[2.304s] make: *** [Makefile:141: all] Error 2
[2.307s] Invoked command in '/sim_ws/src/convoy_ros/build/convoy_ros' returned '2': CMAKE_PREFIX_PATH=${CMAKE_PREFIX_PATH}:/sim_ws/install/f1tenth_gym_ros:/opt/ros/foxy /usr/bin/cmake --build /sim_ws/src/convoy_ros/build/convoy_ros -- -j12 -l12
